2024-06-24 18:08:06,499 p=3444395 u=upszot n=ansible | [WARNING]: A duplicate localhost-like entry was found (localhost). First found localhost was 127.0.0.1

2024-06-24 18:08:06,598 p=3444395 u=upszot n=ansible | PLAY [all] **********************************************************************************************************************************************************************************************************************************
2024-06-24 18:08:06,609 p=3444395 u=upszot n=ansible | TASK [Gathering Facts] **********************************************************************************************************************************************************************************************************************
2024-06-24 18:08:07,746 p=3444395 u=upszot n=ansible | ok: [localhost]
2024-06-24 18:08:07,775 p=3444395 u=upszot n=ansible | TASK [include_role : 2do_parcial] ***********************************************************************************************************************************************************************************************************
2024-06-24 18:08:07,805 p=3444395 u=upszot n=ansible | TASK [2do_parcial : debug] ******************************************************************************************************************************************************************************************************************
2024-06-24 18:08:07,817 p=3444395 u=upszot n=ansible | ok: [localhost] => {
    "msg": "Tareas del 2do Parcial"
}
2024-06-24 18:08:07,836 p=3444395 u=upszot n=ansible | TASK [Otra tarea] ***************************************************************************************************************************************************************************************************************************
2024-06-24 18:08:07,851 p=3444395 u=upszot n=ansible | ok: [localhost] => {
    "msg": "Despues de la ejecucion del rol"
}
2024-06-24 18:08:07,885 p=3444395 u=upszot n=ansible | PLAY RECAP **********************************************************************************************************************************************************************************************************************************
2024-06-24 18:08:07,885 p=3444395 u=upszot n=ansible | localhost                  : ok=3    changed=0    unreachable=0    failed=0    skipped=0    rescued=0    ignored=0   
2024-11-18 21:21:21,023 p=10960 u=lautaro n=ansible | [WARNING]: Unable to parse /home/lautaro/repo/UTNFRA_SO_2do_Parcial_Dellagiovanna/202406/ansible/inventory/host as an inventory source

2024-11-18 21:21:21,023 p=10960 u=lautaro n=ansible | [WARNING]: No inventory was parsed, only implicit localhost is available

2024-11-18 21:21:21,038 p=10960 u=lautaro n=ansible | [WARNING]: provided hosts list is empty, only localhost is available. Note that the implicit localhost does not match 'all'

2024-11-18 21:21:21,038 p=10960 u=lautaro n=ansible | [WARNING]: Could not match supplied host pattern, ignoring: playbook.yml

2024-11-18 21:21:21,045 p=10960 u=lautaro n=ansible | ERROR! No argument passed to command module (did you mean to run ansible-playbook?)
2024-11-18 21:21:45,970 p=10963 u=lautaro n=ansible | [WARNING]: Unable to parse /home/lautaro/repo/UTNFRA_SO_2do_Parcial_Dellagiovanna/202406/ansible/inventory/host as an inventory source

2024-11-18 21:21:45,973 p=10963 u=lautaro n=ansible | [WARNING]: No inventory was parsed, only implicit localhost is available

2024-11-18 21:21:45,983 p=10963 u=lautaro n=ansible | [WARNING]: provided hosts list is empty, only localhost is available. Note that the implicit localhost does not match 'all'

2024-11-18 21:21:46,407 p=10963 u=lautaro n=ansible | PLAY [all] ********************************************************************************************************************************************************************************************************************************************************************
2024-11-18 21:21:46,407 p=10963 u=lautaro n=ansible | skipping: no hosts matched
2024-11-18 21:21:46,408 p=10963 u=lautaro n=ansible | PLAY RECAP ********************************************************************************************************************************************************************************************************************************************************************
2024-11-18 21:22:44,845 p=10972 u=lautaro n=ansible | [WARNING]: A duplicate localhost-like entry was found (localhost). First found localhost was 127.0.0.1

2024-11-18 21:22:45,299 p=10972 u=lautaro n=ansible | PLAY [all] ********************************************************************************************************************************************************************************************************************************************************************
2024-11-18 21:22:45,354 p=10972 u=lautaro n=ansible | TASK [Gathering Facts] ********************************************************************************************************************************************************************************************************************************************************
2024-11-18 21:22:45,531 p=10972 u=lautaro n=ansible | fatal: [127.0.0.1]: UNREACHABLE! => {"changed": false, "msg": "Failed to connect to the host via ssh: Warning: Permanently added '127.0.0.1' (ED25519) to the list of known hosts.\r\nlautaro@127.0.0.1: Permission denied (publickey).", "unreachable": true}
2024-11-18 21:22:48,351 p=10972 u=lautaro n=ansible | ok: [localhost]
2024-11-18 21:22:48,396 p=10972 u=lautaro n=ansible | TASK [include_role : 2do_parcial] *********************************************************************************************************************************************************************************************************************************************
2024-11-18 21:22:48,474 p=10972 u=lautaro n=ansible | TASK [2do_parcial : debug] ****************************************************************************************************************************************************************************************************************************************************
2024-11-18 21:22:48,494 p=10972 u=lautaro n=ansible | ok: [localhost] => {
    "msg": "Tareas del 2do Parcial"
}
2024-11-18 21:22:48,512 p=10972 u=lautaro n=ansible | TASK [2do_parcial : Crear primer direcotrio] **********************************************************************************************************************************************************************************************************************************
2024-11-18 21:22:48,908 p=10972 u=lautaro n=ansible | fatal: [localhost]: FAILED! => {"changed": false, "module_stderr": "sudo: a password is required\n", "module_stdout": "", "msg": "MODULE FAILURE\nSee stdout/stderr for the exact error", "rc": 1}
2024-11-18 21:22:48,912 p=10972 u=lautaro n=ansible | PLAY RECAP ********************************************************************************************************************************************************************************************************************************************************************
2024-11-18 21:22:48,915 p=10972 u=lautaro n=ansible | 127.0.0.1                  : ok=0    changed=0    unreachable=1    failed=0    skipped=0    rescued=0    ignored=0   
2024-11-18 21:22:48,917 p=10972 u=lautaro n=ansible | localhost                  : ok=2    changed=0    unreachable=0    failed=1    skipped=0    rescued=0    ignored=0   
2024-11-18 21:25:47,429 p=11112 u=root n=ansible | [WARNING]: A duplicate localhost-like entry was found (localhost). First found localhost was 127.0.0.1

2024-11-18 21:25:47,670 p=11112 u=root n=ansible | PLAY [all] ********************************************************************************************************************************************************************************************************************************************************************
2024-11-18 21:25:47,686 p=11112 u=root n=ansible | TASK [Gathering Facts] ********************************************************************************************************************************************************************************************************************************************************
2024-11-18 21:25:47,838 p=11112 u=root n=ansible | fatal: [127.0.0.1]: UNREACHABLE! => {"changed": false, "msg": "Failed to connect to the host via ssh: Warning: Permanently added '127.0.0.1' (ED25519) to the list of known hosts.\r\nroot@127.0.0.1: Permission denied (publickey).", "unreachable": true}
2024-11-18 21:25:50,740 p=11112 u=root n=ansible | ok: [localhost]
2024-11-18 21:25:50,777 p=11112 u=root n=ansible | TASK [include_role : 2do_parcial] *********************************************************************************************************************************************************************************************************************************************
2024-11-18 21:25:50,858 p=11112 u=root n=ansible | TASK [2do_parcial : debug] ****************************************************************************************************************************************************************************************************************************************************
2024-11-18 21:25:50,893 p=11112 u=root n=ansible | ok: [localhost] => {
    "msg": "Tareas del 2do Parcial"
}
2024-11-18 21:25:50,916 p=11112 u=root n=ansible | TASK [2do_parcial : Crear primer direcotrio] **********************************************************************************************************************************************************************************************************************************
2024-11-18 21:25:52,052 p=11112 u=root n=ansible | changed: [localhost]
2024-11-18 21:25:52,074 p=11112 u=root n=ansible | TASK [2do_parcial : Obtener la versi칩n de Linux] ******************************************************************************************************************************************************************************************************************************
2024-11-18 21:25:52,960 p=11112 u=root n=ansible | changed: [localhost]
2024-11-18 21:25:52,979 p=11112 u=root n=ansible | TASK [2do_parcial : Obtener mi IP] ********************************************************************************************************************************************************************************************************************************************
2024-11-18 21:25:53,836 p=11112 u=root n=ansible | [WARNING]: Consider using the get_url or uri module rather than running 'curl'.  If you need to use command because get_url or uri is insufficient you can add 'warn: false' to this command task or set 'command_warnings=False' in ansible.cfg to get rid of this message.

2024-11-18 21:25:53,838 p=11112 u=root n=ansible | changed: [localhost]
2024-11-18 21:25:53,857 p=11112 u=root n=ansible | TASK [2do_parcial : Obtener cantidad de cores] ********************************************************************************************************************************************************************************************************************************
2024-11-18 21:25:54,497 p=11112 u=root n=ansible | changed: [localhost]
2024-11-18 21:25:54,519 p=11112 u=root n=ansible | TASK [2do_parcial : Crear segundo direcotrio] *********************************************************************************************************************************************************************************************************************************
2024-11-18 21:25:55,311 p=11112 u=root n=ansible | changed: [localhost]
2024-11-18 21:25:55,339 p=11112 u=root n=ansible | TASK [2do_parcial : Crear archivo con mi nombre] ******************************************************************************************************************************************************************************************************************************
2024-11-18 21:25:56,935 p=11112 u=root n=ansible | changed: [localhost]
2024-11-18 21:25:56,955 p=11112 u=root n=ansible | TASK [2do_parcial : Crear archivo con mi nombre] ******************************************************************************************************************************************************************************************************************************
2024-11-18 21:25:58,561 p=11112 u=root n=ansible | changed: [localhost]
2024-11-18 21:25:58,585 p=11112 u=root n=ansible | TASK [2do_parcial : Habilitar 2PSupervisores sudo sin contrase침a] *************************************************************************************************************************************************************************************************************
2024-11-18 21:25:59,903 p=11112 u=root n=ansible | changed: [localhost]
2024-11-18 21:25:59,922 p=11112 u=root n=ansible | TASK [Otra tarea] *************************************************************************************************************************************************************************************************************************************************************
2024-11-18 21:25:59,955 p=11112 u=root n=ansible | ok: [localhost] => {
    "msg": "Despues de la ejecucion del rol"
}
2024-11-18 21:25:59,998 p=11112 u=root n=ansible | PLAY RECAP ********************************************************************************************************************************************************************************************************************************************************************
2024-11-18 21:25:59,998 p=11112 u=root n=ansible | 127.0.0.1                  : ok=0    changed=0    unreachable=1    failed=0    skipped=0    rescued=0    ignored=0   
2024-11-18 21:25:59,998 p=11112 u=root n=ansible | localhost                  : ok=11   changed=8    unreachable=0    failed=0    skipped=0    rescued=0    ignored=0   
2024-11-18 21:31:07,368 p=11521 u=root n=ansible | [WARNING]: A duplicate localhost-like entry was found (localhost). First found localhost was 127.0.0.1

2024-11-18 21:31:07,683 p=11521 u=root n=ansible | PLAY [all] ********************************************************************************************************************************************************************************************************************************************************************
2024-11-18 21:31:07,708 p=11521 u=root n=ansible | TASK [Gathering Facts] ********************************************************************************************************************************************************************************************************************************************************
2024-11-18 21:31:08,326 p=11521 u=root n=ansible | fatal: [127.0.0.1]: UNREACHABLE! => {"changed": false, "msg": "Failed to connect to the host via ssh: Warning: Permanently added '127.0.0.1' (ED25519) to the list of known hosts.\r\nroot@127.0.0.1: Permission denied (publickey).", "unreachable": true}
2024-11-18 21:31:10,830 p=11521 u=root n=ansible | ok: [localhost]
2024-11-18 21:31:10,867 p=11521 u=root n=ansible | TASK [include_role : 2do_parcial] *********************************************************************************************************************************************************************************************************************************************
2024-11-18 21:31:10,956 p=11521 u=root n=ansible | TASK [2do_parcial : debug] ****************************************************************************************************************************************************************************************************************************************************
2024-11-18 21:31:10,982 p=11521 u=root n=ansible | ok: [localhost] => {
    "msg": "Tareas del 2do Parcial"
}
2024-11-18 21:31:11,005 p=11521 u=root n=ansible | TASK [2do_parcial : Crear primer direcotrio] **********************************************************************************************************************************************************************************************************************************
2024-11-18 21:31:11,907 p=11521 u=root n=ansible | ok: [localhost]
2024-11-18 21:31:11,924 p=11521 u=root n=ansible | TASK [2do_parcial : Obtener la versi칩n de Linux] ******************************************************************************************************************************************************************************************************************************
2024-11-18 21:31:13,016 p=11521 u=root n=ansible | changed: [localhost]
2024-11-18 21:31:13,034 p=11521 u=root n=ansible | TASK [2do_parcial : Obtener mi IP] ********************************************************************************************************************************************************************************************************************************************
2024-11-18 21:31:14,093 p=11521 u=root n=ansible | [WARNING]: Consider using the get_url or uri module rather than running 'curl'.  If you need to use command because get_url or uri is insufficient you can add 'warn: false' to this command task or set 'command_warnings=False' in ansible.cfg to get rid of this message.

2024-11-18 21:31:14,095 p=11521 u=root n=ansible | changed: [localhost]
2024-11-18 21:31:14,114 p=11521 u=root n=ansible | TASK [2do_parcial : Obtener cantidad de cores] ********************************************************************************************************************************************************************************************************************************
2024-11-18 21:31:14,876 p=11521 u=root n=ansible | changed: [localhost]
2024-11-18 21:31:14,895 p=11521 u=root n=ansible | TASK [2do_parcial : Crear segundo direcotrio] *********************************************************************************************************************************************************************************************************************************
2024-11-18 21:31:15,735 p=11521 u=root n=ansible | ok: [localhost]
2024-11-18 21:31:15,755 p=11521 u=root n=ansible | TASK [2do_parcial : Crear archivo con mi nombre] ******************************************************************************************************************************************************************************************************************************
2024-11-18 21:31:17,780 p=11521 u=root n=ansible | ok: [localhost]
2024-11-18 21:31:17,799 p=11521 u=root n=ansible | TASK [2do_parcial : Crear archivo con mi nombre] ******************************************************************************************************************************************************************************************************************************
2024-11-18 21:31:19,584 p=11521 u=root n=ansible | changed: [localhost]
2024-11-18 21:31:19,604 p=11521 u=root n=ansible | TASK [2do_parcial : Habilitar 2PSupervisores sudo sin contrase침a] *************************************************************************************************************************************************************************************************************
2024-11-18 21:31:20,566 p=11521 u=root n=ansible | ok: [localhost]
2024-11-18 21:31:20,580 p=11521 u=root n=ansible | TASK [Otra tarea] *************************************************************************************************************************************************************************************************************************************************************
2024-11-18 21:31:20,607 p=11521 u=root n=ansible | ok: [localhost] => {
    "msg": "Despues de la ejecucion del rol"
}
2024-11-18 21:31:20,650 p=11521 u=root n=ansible | PLAY RECAP ********************************************************************************************************************************************************************************************************************************************************************
2024-11-18 21:31:20,651 p=11521 u=root n=ansible | 127.0.0.1                  : ok=0    changed=0    unreachable=1    failed=0    skipped=0    rescued=0    ignored=0   
2024-11-18 21:31:20,652 p=11521 u=root n=ansible | localhost                  : ok=11   changed=4    unreachable=0    failed=0    skipped=0    rescued=0    ignored=0   
